Using pre-set license
Built from '2020.3/staging' branch; Version is '2020.3.19f1 (68f137dc9bbe) revision 6877495'; Using compiler version '192528614'; Build Type 'Release'
OS: 'Windows 10 Home; OS build 19042.1348; Version 2009; 64bit' Language: 'en' Physical Memory: 16196 MB
BatchMode: 1, IsHumanControllingUs: 0, StartBugReporterOnCrash: 0, Is64bit: 1, IsPro: 0

COMMAND LINE ARGUMENTS:
D:\Program Files\Unity\2020.3.19f1\Editor\Unity.exe
-adb2
-batchMode
-noUpm
-name
AssetImportWorker0
-projectPath
D:/GPM/Perforce/Krishna GPM/Kon-Pon
-logFile
Logs/AssetImportWorker0.log
-srvPort
53007
Successfully changed project path to: D:/GPM/Perforce/Krishna GPM/Kon-Pon
D:/GPM/Perforce/Krishna GPM/Kon-Pon
Using Asset Import Pipeline V2.
Refreshing native plugins compatible for Editor in 183.49 ms, found 6 plugins.
Preloading 0 native plugins for Editor in 0.00 ms.
Initialize engine version: 2020.3.19f1 (68f137dc9bbe)
[Subsystems] Discovering subsystems at path D:/Program Files/Unity/2020.3.19f1/Editor/Data/Resources/UnitySubsystems
[Subsystems] Discovering subsystems at path D:/GPM/Perforce/Krishna GPM/Kon-Pon/Assets
GfxDevice: creating device client; threaded=0
Direct3D:
    Version:  Direct3D 11.0 [level 11.1]
    Renderer: NVIDIA GeForce GTX 1660 Ti (ID=0x2191)
    Vendor:   
    VRAM:     5991 MB
    Driver:   30.0.14.7212
Shader 'Universal Render Pipeline/Particles/Lit': fallback shader 'Universal Render Pipeline/Particles/SimpleLit' not found
Initialize mono
Mono path[0] = 'D:/Program Files/Unity/2020.3.19f1/Editor/Data/Managed'
Mono path[1] = 'D:/Program Files/Unity/2020.3.19f1/Editor/Data/MonoBleedingEdge/lib/mono/unityjit'
Mono config path = 'D:/Program Files/Unity/2020.3.19f1/Editor/Data/MonoBleedingEdge/etc'
Using monoOptions --debugger-agent=transport=dt_socket,embedding=1,server=y,suspend=n,address=127.0.0.1:56708
Begin MonoManager ReloadAssembly
Registering precompiled unity dll's ...
Register platform support module: D:/Program Files/Unity/2020.3.19f1/Editor/Data/PlaybackEngines/WindowsStandaloneSupport/UnityEditor.WindowsStandalone.Extensions.dll
Registered in 0.003433 seconds.
Native extension for WindowsStandalone target not found
Refreshing native plugins compatible for Editor in 172.93 ms, found 6 plugins.
Preloading 0 native plugins for Editor in 0.00 ms.
Mono: successfully reloaded assembly
- Completed reload, in  3.221 seconds
Domain Reload Profiling:
	ReloadAssembly (3221ms)
		BeginReloadAssembly (181ms)
			ExecutionOrderSort (0ms)
			DisableScriptedObjects (0ms)
			BackupInstance (0ms)
			ReleaseScriptingObjects (0ms)
			CreateAndSetChildDomain (2ms)
		EndReloadAssembly (1201ms)
			LoadAssemblies (180ms)
			RebuildTransferFunctionScriptingTraits (0ms)
			SetupTypeCache (431ms)
			ReleaseScriptCaches (0ms)
			RebuildScriptCaches (90ms)
			SetupLoadedEditorAssemblies (506ms)
				LogAssemblyErrors (0ms)
				InitializePlatformSupportModulesInManaged (9ms)
				SetLoadedEditorAssemblies (1ms)
				RefreshPlugins (173ms)
				BeforeProcessingInitializeOnLoad (35ms)
				ProcessInitializeOnLoadAttributes (213ms)
				ProcessInitializeOnLoadMethodAttributes (74ms)
				AfterProcessingInitializeOnLoad (0ms)
				EditorAssembliesLoaded (0ms)
			ExecutionOrderSort2 (0ms)
			AwakeInstancesAfterBackupRestoration (0ms)
Platform modules already initialized, skipping
Registering precompiled user dll's ...
Registered in 0.013402 seconds.
Begin MonoManager ReloadAssembly
Native extension for WindowsStandalone target not found
Refreshing native plugins compatible for Editor in 165.55 ms, found 6 plugins.
Preloading 0 native plugins for Editor in 0.00 ms.
Mono: successfully reloaded assembly
Fallback handler could not load library D:/Program Files/Unity/2020.3.19f1/Editor/Data/Mono/lib/libdl
Fallback handler could not load library D:/Program Files/Unity/2020.3.19f1/Editor/Data/Mono/lib/libdl.dll
Fallback handler could not load library D:/Program Files/Unity/2020.3.19f1/Editor/Data/Mono/lib/libdl
Fallback handler could not load library D:/Program Files/Unity/2020.3.19f1/Editor/Data/Mono/lib/libdl
Fallback handler could not load library D:/Program Files/Unity/2020.3.19f1/Editor/Data/Mono/lib/libdl.dll
Fallback handler could not load library D:/Program Files/Unity/2020.3.19f1/Editor/Data/Mono/lib/libdl
- Completed reload, in  4.908 seconds
Domain Reload Profiling:
	ReloadAssembly (4910ms)
		BeginReloadAssembly (420ms)
			ExecutionOrderSort (0ms)
			DisableScriptedObjects (12ms)
			BackupInstance (0ms)
			ReleaseScriptingObjects (0ms)
			CreateAndSetChildDomain (43ms)
		EndReloadAssembly (4330ms)
			LoadAssemblies (313ms)
			RebuildTransferFunctionScriptingTraits (0ms)
			SetupTypeCache (870ms)
			ReleaseScriptCaches (1ms)
			RebuildScriptCaches (151ms)
			SetupLoadedEditorAssemblies (2591ms)
				LogAssemblyErrors (0ms)
				InitializePlatformSupportModulesInManaged (10ms)
				SetLoadedEditorAssemblies (0ms)
				RefreshPlugins (166ms)
				BeforeProcessingInitializeOnLoad (205ms)
				ProcessInitializeOnLoadAttributes (2192ms)
				ProcessInitializeOnLoadMethodAttributes (11ms)
				AfterProcessingInitializeOnLoad (6ms)
				EditorAssembliesLoaded (1ms)
			ExecutionOrderSort2 (0ms)
			AwakeInstancesAfterBackupRestoration (16ms)
Platform modules already initialized, skipping
========================================================================
Worker process is ready to serve import requests
Shader 'Universal Render Pipeline/Particles/Lit': fallback shader 'Universal Render Pipeline/Particles/SimpleLit' not found
Launched and connected shader compiler UnityShaderCompiler.exe after 0.17 seconds
Refreshing native plugins compatible for Editor in 3.51 ms, found 6 plugins.
Preloading 0 native plugins for Editor in 0.00 ms.
Unloading 3179 Unused Serialized files (Serialized files now loaded: 0)
System memory in use before: 172.8 MB.
System memory in use after: 173.0 MB.

Unloading 54 unused Assets to reduce memory usage. Loaded Objects now: 3593.
Total: 7.178600 ms (FindLiveObjects: 0.521100 ms CreateObjectMapping: 0.323600 ms MarkObjects: 6.176100 ms  DeleteObjects: 0.155900 ms)

AssetImportParameters requested are different than current active one (requested -> active):
  custom:framework-win-MediaFoundation: 216162199b28c13a410421893ffa2e32 -> 
  custom:video-decoder-ogg-theora: a1e56fd34408186e4bbccfd4996cb3dc -> 
  custom:container-muxer-webm: aa71ff27fc2769a1b78a27578f13a17b -> 
  custom:container-demuxer-webm: 4f35f7cbe854078d1ac9338744f61a02 -> 
  custom:container-demuxer-ogg: 62fdf1f143b41e24485cea50d1cbac27 -> 
  custom:video-encoder-webm-vp8: eb34c28f22e8b96e1ab97ce403110664 -> 
  custom:video-codec-MediaFoundation-h265: 746d11721c4dcdbdad8f713fa42b33f4 -> 
  custom:video-decoder-webm-vp8: 9c59270c3fd7afecdb556c50c9e8de78 -> 
  custom:audio-decoder-ogg-vorbis: bf7c407c2cedff20999df2af8eb42d56 -> 
  custom:audio-encoder-webm-vorbis: bf7c407c2cedff20999df2af8eb42d56 -> 
========================================================================
Received Import Request.
  path: Assets/3_Resources/Fonts/Zen Kaku/ZenKakuGothicAntique-Black SDF.asset
  artifactKey: Guid(feb22390bc4784449a1dcd401a6c76fa) Importer(815301076,1909f56bfc062723c751e8b465ee728b)
Start importing Assets/3_Resources/Fonts/Zen Kaku/ZenKakuGothicAntique-Black SDF.asset using Guid(feb22390bc4784449a1dcd401a6c76fa) Importer(815301076,1909f56bfc062723c751e8b465ee728b)  -> (artifact id: '87c9051a0f4fd9d757e215e8774b4565') in 1.027301 seconds 
  Import took 1.042709 seconds .

========================================================================
Received Import Request.
  Time since last request: 0.000491 seconds.
  path: Assets/3_Resources/Fonts/Zen Kaku/ZenKakuGothicAntique-Medium SDF.asset
  artifactKey: Guid(3440ca046c9ede14ab355eeb58aee6fb) Importer(815301076,1909f56bfc062723c751e8b465ee728b)
Start importing Assets/3_Resources/Fonts/Zen Kaku/ZenKakuGothicAntique-Medium SDF.asset using Guid(3440ca046c9ede14ab355eeb58aee6fb) Importer(815301076,1909f56bfc062723c751e8b465ee728b)  -> (artifact id: '59acbe0bf111ab8b65c6b5b3782fe0b4') in 0.096521 seconds 
  Import took 0.109716 seconds .

========================================================================
Received Import Request.
  Time since last request: 0.000472 seconds.
  path: Assets/3_Resources/Fonts/Zen Kaku/ZenKakuGothicAntique-Regular SDF.asset
  artifactKey: Guid(bd984b00205c6b445bbca02630b187de) Importer(815301076,1909f56bfc062723c751e8b465ee728b)
Start importing Assets/3_Resources/Fonts/Zen Kaku/ZenKakuGothicAntique-Regular SDF.asset using Guid(bd984b00205c6b445bbca02630b187de) Importer(815301076,1909f56bfc062723c751e8b465ee728b)  -> (artifact id: 'ef69c77145cb2a6ca344256a41a35c28') in 0.087144 seconds 
  Import took 0.098068 seconds .

========================================================================
Received Import Request.
  Time since last request: 0.000458 seconds.
  path: Assets/3_Resources/Fonts/Zen Kaku/ZenKakuGothicAntique-Bold SDF.asset
  artifactKey: Guid(494e4a69ebd686941af3d089a455c965) Importer(815301076,1909f56bfc062723c751e8b465ee728b)
Start importing Assets/3_Resources/Fonts/Zen Kaku/ZenKakuGothicAntique-Bold SDF.asset using Guid(494e4a69ebd686941af3d089a455c965) Importer(815301076,1909f56bfc062723c751e8b465ee728b)  -> (artifact id: 'a29ec6258a3fe972a18d3ea9c881026b') in 0.099903 seconds 
  Import took 0.112048 seconds .

========================================================================
Received Prepare
Registering precompiled user dll's ...
Registered in 0.014686 seconds.
Begin MonoManager ReloadAssembly
Fallback handler could not load library D:/Program Files/Unity/2020.3.19f1/Editor/Data/Mono/lib/libdl
Fallback handler could not load library D:/Program Files/Unity/2020.3.19f1/Editor/Data/Mono/lib/libdl.dll
Fallback handler could not load library D:/Program Files/Unity/2020.3.19f1/Editor/Data/Mono/lib/libdl
Native extension for WindowsStandalone target not found
Refreshing native plugins compatible for Editor in 1.92 ms, found 6 plugins.
Preloading 0 native plugins for Editor in 0.00 ms.
Mono: successfully reloaded assembly
Fallback handler could not load library D:/Program Files/Unity/2020.3.19f1/Editor/Data/Mono/lib/libdl
Fallback handler could not load library D:/Program Files/Unity/2020.3.19f1/Editor/Data/Mono/lib/libdl.dll
Fallback handler could not load library D:/Program Files/Unity/2020.3.19f1/Editor/Data/Mono/lib/libdl
Fallback handler could not load library D:/Program Files/Unity/2020.3.19f1/Editor/Data/Mono/lib/libdl
Fallback handler could not load library D:/Program Files/Unity/2020.3.19f1/Editor/Data/Mono/lib/libdl.dll
Fallback handler could not load library D:/Program Files/Unity/2020.3.19f1/Editor/Data/Mono/lib/libdl
- Completed reload, in  4.765 seconds
Domain Reload Profiling:
	ReloadAssembly (4766ms)
		BeginReloadAssembly (428ms)
			ExecutionOrderSort (0ms)
			DisableScriptedObjects (17ms)
			BackupInstance (0ms)
			ReleaseScriptingObjects (0ms)
			CreateAndSetChildDomain (120ms)
		EndReloadAssembly (4190ms)
			LoadAssemblies (297ms)
			RebuildTransferFunctionScriptingTraits (0ms)
			SetupTypeCache (984ms)
			ReleaseScriptCaches (4ms)
			RebuildScriptCaches (146ms)
			SetupLoadedEditorAssemblies (2313ms)
				LogAssemblyErrors (0ms)
				InitializePlatformSupportModulesInManaged (10ms)
				SetLoadedEditorAssemblies (1ms)
				RefreshPlugins (2ms)
				BeforeProcessingInitializeOnLoad (228ms)
				ProcessInitializeOnLoadAttributes (2051ms)
				ProcessInitializeOnLoadMethodAttributes (12ms)
				AfterProcessingInitializeOnLoad (8ms)
				EditorAssembliesLoaded (1ms)
			ExecutionOrderSort2 (0ms)
			AwakeInstancesAfterBackupRestoration (46ms)
Platform modules already initialized, skipping
Shader 'Universal Render Pipeline/Particles/Lit': fallback shader 'Universal Render Pipeline/Particles/SimpleLit' not found
Refreshing native plugins compatible for Editor in 2.73 ms, found 6 plugins.
Preloading 0 native plugins for Editor in 0.00 ms.
Unloading 2995 Unused Serialized files (Serialized files now loaded: 0)
System memory in use before: 163.7 MB.
System memory in use after: 163.9 MB.

Unloading 49 unused Assets to reduce memory usage. Loaded Objects now: 3676.
Total: 8.076900 ms (FindLiveObjects: 0.617900 ms CreateObjectMapping: 0.406900 ms MarkObjects: 6.988300 ms  DeleteObjects: 0.061600 ms)

AssetImportParameters requested are different than current active one (requested -> active):
  custom:framework-win-MediaFoundation: 216162199b28c13a410421893ffa2e32 -> 
  custom:video-decoder-ogg-theora: a1e56fd34408186e4bbccfd4996cb3dc -> 
  custom:container-muxer-webm: aa71ff27fc2769a1b78a27578f13a17b -> 
  custom:container-demuxer-webm: 4f35f7cbe854078d1ac9338744f61a02 -> 
  custom:container-demuxer-ogg: 62fdf1f143b41e24485cea50d1cbac27 -> 
  custom:video-encoder-webm-vp8: eb34c28f22e8b96e1ab97ce403110664 -> 
  custom:video-codec-MediaFoundation-h265: 746d11721c4dcdbdad8f713fa42b33f4 -> 
  custom:video-decoder-webm-vp8: 9c59270c3fd7afecdb556c50c9e8de78 -> 
  custom:audio-decoder-ogg-vorbis: bf7c407c2cedff20999df2af8eb42d56 -> 
  custom:audio-encoder-webm-vorbis: bf7c407c2cedff20999df2af8eb42d56 -> 
========================================================================
Received Prepare
Registering precompiled user dll's ...
Registered in 0.012519 seconds.
Begin MonoManager ReloadAssembly
Fallback handler could not load library D:/Program Files/Unity/2020.3.19f1/Editor/Data/Mono/lib/libdl
Fallback handler could not load library D:/Program Files/Unity/2020.3.19f1/Editor/Data/Mono/lib/libdl.dll
Fallback handler could not load library D:/Program Files/Unity/2020.3.19f1/Editor/Data/Mono/lib/libdl
Native extension for WindowsStandalone target not found
Refreshing native plugins compatible for Editor in 2.95 ms, found 6 plugins.
Preloading 0 native plugins for Editor in 0.00 ms.
Mono: successfully reloaded assembly
Fallback handler could not load library D:/Program Files/Unity/2020.3.19f1/Editor/Data/Mono/lib/libdl
Fallback handler could not load library D:/Program Files/Unity/2020.3.19f1/Editor/Data/Mono/lib/libdl.dll
Fallback handler could not load library D:/Program Files/Unity/2020.3.19f1/Editor/Data/Mono/lib/libdl
Fallback handler could not load library D:/Program Files/Unity/2020.3.19f1/Editor/Data/Mono/lib/libdl
Fallback handler could not load library D:/Program Files/Unity/2020.3.19f1/Editor/Data/Mono/lib/libdl.dll
Fallback handler could not load library D:/Program Files/Unity/2020.3.19f1/Editor/Data/Mono/lib/libdl
- Completed reload, in  5.926 seconds
Domain Reload Profiling:
	ReloadAssembly (5927ms)
		BeginReloadAssembly (388ms)
			ExecutionOrderSort (0ms)
			DisableScriptedObjects (12ms)
			BackupInstance (0ms)
			ReleaseScriptingObjects (0ms)
			CreateAndSetChildDomain (115ms)
		EndReloadAssembly (5404ms)
			LoadAssemblies (272ms)
			RebuildTransferFunctionScriptingTraits (0ms)
			SetupTypeCache (1182ms)
			ReleaseScriptCaches (4ms)
			RebuildScriptCaches (215ms)
			SetupLoadedEditorAssemblies (3090ms)
				LogAssemblyErrors (0ms)
				InitializePlatformSupportModulesInManaged (13ms)
				SetLoadedEditorAssemblies (2ms)
				RefreshPlugins (3ms)
				BeforeProcessingInitializeOnLoad (304ms)
				ProcessInitializeOnLoadAttributes (2744ms)
				ProcessInitializeOnLoadMethodAttributes (13ms)
				AfterProcessingInitializeOnLoad (9ms)
				EditorAssembliesLoaded (1ms)
			ExecutionOrderSort2 (0ms)
			AwakeInstancesAfterBackupRestoration (52ms)
Platform modules already initialized, skipping
Shader 'Universal Render Pipeline/Particles/Lit': fallback shader 'Universal Render Pipeline/Particles/SimpleLit' not found
Refreshing native plugins compatible for Editor in 1.73 ms, found 6 plugins.
Preloading 0 native plugins for Editor in 0.00 ms.
Unloading 2995 Unused Serialized files (Serialized files now loaded: 0)
System memory in use before: 163.7 MB.
System memory in use after: 163.9 MB.

Unloading 49 unused Assets to reduce memory usage. Loaded Objects now: 3678.
Total: 9.695400 ms (FindLiveObjects: 0.658200 ms CreateObjectMapping: 0.356500 ms MarkObjects: 8.618900 ms  DeleteObjects: 0.058900 ms)

AssetImportParameters requested are different than current active one (requested -> active):
  custom:framework-win-MediaFoundation: 216162199b28c13a410421893ffa2e32 -> 
  custom:video-decoder-ogg-theora: a1e56fd34408186e4bbccfd4996cb3dc -> 
  custom:container-muxer-webm: aa71ff27fc2769a1b78a27578f13a17b -> 
  custom:container-demuxer-webm: 4f35f7cbe854078d1ac9338744f61a02 -> 
  custom:container-demuxer-ogg: 62fdf1f143b41e24485cea50d1cbac27 -> 
  custom:video-encoder-webm-vp8: eb34c28f22e8b96e1ab97ce403110664 -> 
  custom:video-codec-MediaFoundation-h265: 746d11721c4dcdbdad8f713fa42b33f4 -> 
  custom:video-decoder-webm-vp8: 9c59270c3fd7afecdb556c50c9e8de78 -> 
  custom:audio-decoder-ogg-vorbis: bf7c407c2cedff20999df2af8eb42d56 -> 
  custom:audio-encoder-webm-vorbis: bf7c407c2cedff20999df2af8eb42d56 -> 
========================================================================
Received Prepare
Registering precompiled user dll's ...
Registered in 0.012427 seconds.
Begin MonoManager ReloadAssembly
Fallback handler could not load library D:/Program Files/Unity/2020.3.19f1/Editor/Data/Mono/lib/libdl
Fallback handler could not load library D:/Program Files/Unity/2020.3.19f1/Editor/Data/Mono/lib/libdl.dll
Fallback handler could not load library D:/Program Files/Unity/2020.3.19f1/Editor/Data/Mono/lib/libdl
Native extension for WindowsStandalone target not found
Refreshing native plugins compatible for Editor in 1.98 ms, found 6 plugins.
Preloading 0 native plugins for Editor in 0.00 ms.
Mono: successfully reloaded assembly
Fallback handler could not load library D:/Program Files/Unity/2020.3.19f1/Editor/Data/Mono/lib/libdl
Fallback handler could not load library D:/Program Files/Unity/2020.3.19f1/Editor/Data/Mono/lib/libdl.dll
Fallback handler could not load library D:/Program Files/Unity/2020.3.19f1/Editor/Data/Mono/lib/libdl
Fallback handler could not load library D:/Program Files/Unity/2020.3.19f1/Editor/Data/Mono/lib/libdl
Fallback handler could not load library D:/Program Files/Unity/2020.3.19f1/Editor/Data/Mono/lib/libdl.dll
Fallback handler could not load library D:/Program Files/Unity/2020.3.19f1/Editor/Data/Mono/lib/libdl
- Completed reload, in  4.445 seconds
Domain Reload Profiling:
	ReloadAssembly (4445ms)
		BeginReloadAssembly (402ms)
			ExecutionOrderSort (0ms)
			DisableScriptedObjects (15ms)
			BackupInstance (0ms)
			ReleaseScriptingObjects (0ms)
			CreateAndSetChildDomain (130ms)
		EndReloadAssembly (3897ms)
			LoadAssemblies (285ms)
			RebuildTransferFunctionScriptingTraits (0ms)
			SetupTypeCache (828ms)
			ReleaseScriptCaches (2ms)
			RebuildScriptCaches (128ms)
			SetupLoadedEditorAssemblies (2251ms)
				LogAssemblyErrors (0ms)
				InitializePlatformSupportModulesInManaged (10ms)
				SetLoadedEditorAssemblies (1ms)
				RefreshPlugins (2ms)
				BeforeProcessingInitializeOnLoad (214ms)
				ProcessInitializeOnLoadAttributes (2003ms)
				ProcessInitializeOnLoadMethodAttributes (11ms)
				AfterProcessingInitializeOnLoad (9ms)
				EditorAssembliesLoaded (1ms)
			ExecutionOrderSort2 (0ms)
			AwakeInstancesAfterBackupRestoration (40ms)
Platform modules already initialized, skipping
Shader 'Universal Render Pipeline/Particles/Lit': fallback shader 'Universal Render Pipeline/Particles/SimpleLit' not found
Refreshing native plugins compatible for Editor in 2.25 ms, found 6 plugins.
Preloading 0 native plugins for Editor in 0.00 ms.
Unloading 2995 Unused Serialized files (Serialized files now loaded: 0)
System memory in use before: 163.7 MB.
System memory in use after: 164.0 MB.

Unloading 49 unused Assets to reduce memory usage. Loaded Objects now: 3680.
Total: 7.783900 ms (FindLiveObjects: 0.573900 ms CreateObjectMapping: 0.395500 ms MarkObjects: 6.753200 ms  DeleteObjects: 0.059200 ms)

AssetImportParameters requested are different than current active one (requested -> active):
  custom:framework-win-MediaFoundation: 216162199b28c13a410421893ffa2e32 -> 
  custom:video-decoder-ogg-theora: a1e56fd34408186e4bbccfd4996cb3dc -> 
  custom:container-muxer-webm: aa71ff27fc2769a1b78a27578f13a17b -> 
  custom:container-demuxer-webm: 4f35f7cbe854078d1ac9338744f61a02 -> 
  custom:container-demuxer-ogg: 62fdf1f143b41e24485cea50d1cbac27 -> 
  custom:video-encoder-webm-vp8: eb34c28f22e8b96e1ab97ce403110664 -> 
  custom:video-codec-MediaFoundation-h265: 746d11721c4dcdbdad8f713fa42b33f4 -> 
  custom:video-decoder-webm-vp8: 9c59270c3fd7afecdb556c50c9e8de78 -> 
  custom:audio-decoder-ogg-vorbis: bf7c407c2cedff20999df2af8eb42d56 -> 
  custom:audio-encoder-webm-vorbis: bf7c407c2cedff20999df2af8eb42d56 -> 
========================================================================
Received Import Request.
  Time since last request: 343.395806 seconds.
  path: Assets/3_Resources/Fonts/Zen Kaku/ZenKakuGothicAntique-Bold SDF.asset
  artifactKey: Guid(494e4a69ebd686941af3d089a455c965) Importer(815301076,1909f56bfc062723c751e8b465ee728b)
Start importing Assets/3_Resources/Fonts/Zen Kaku/ZenKakuGothicAntique-Bold SDF.asset using Guid(494e4a69ebd686941af3d089a455c965) Importer(815301076,1909f56bfc062723c751e8b465ee728b)  -> (artifact id: 'a340dfb7ed8a5ed049773c8b6654ff6b') in 0.571766 seconds 
  Import took 0.583775 seconds .

AssetImportWorkerClient::OnTransportError - code=2 error=End of file
